<?xml version="1.0" encoding="UTF-8"?>
<!-- Generated by org.testng.reporters.JUnitXMLReporter -->
<testsuite hostname="Baskara" name="Test" tests="9" failures="2" timestamp="11 Apr 2022 10:29:54 GMT" time="0.151" errors="0">
  <testcase name="tc1" time="0.02" classname="com.rern.A"/>
  <testcase name="tc2" time="0.002" classname="com.rern.A">
    <skipped/>
  </testcase> <!-- tc2 -->
  <testcase name="tc2" time="0.003" classname="com.rern.A">
    <skipped/>
  </testcase> <!-- tc2 -->
  <testcase name="tc2" time="0.005" classname="com.rern.A">
    <skipped/>
  </testcase> <!-- tc2 -->
  <testcase name="tc2" time="0.002" classname="com.rern.A">
    <failure type="java.lang.ArithmeticException" message="/ by zero">
      <![CDATA[java.lang.ArithmeticException: / by zero
	at com.rern.A.tc2(A.java:19)
... Removed 24 stack frames]]>
    </failure>
  </testcase> <!-- tc2 -->
  <testcase name="tc3" time="0.007" classname="com.rern.A">
    <skipped/>
  </testcase> <!-- tc3 -->
  <testcase name="tc3" time="0.002" classname="com.rern.A">
    <skipped/>
  </testcase> <!-- tc3 -->
  <testcase name="tc3" time="0.009" classname="com.rern.A">
    <skipped/>
  </testcase> <!-- tc3 -->
  <testcase name="tc3" time="0.004" classname="com.rern.A">
    <failure type="java.lang.AssertionError" message="Check tc3 expected [true] but found [false]">
      <![CDATA[java.lang.AssertionError: Check tc3 expected [true] but found [false]
	at com.rern.A.tc3(A.java:11)
... Removed 27 stack frames]]>
    </failure>
  </testcase> <!-- tc3 -->
</testsuite> <!-- Test -->
